PO
POAST0207000000000000000000000000000000000000000070000000000
RGC111110113001111112111111101201

R
E02
E02
E02
E02
PWR0
AUA00000011000100000000010001111111111100000010000000
AUB00010111111000001110111110111111111110101000000000
LM0401
FL022020202020205456202020202020
FN05
AUA00000011000100000000010001111111111100000010000000
AUB00010111111000001110111110111111111110101000000000
LM0401
LM0401
AST0307000000000000000000000000000000000000000070000000000
RGC111110113001111112111111101201
AST0307000000000000000000000000000000000000000070000000000
RGC111110113001111112111111101201
VTA111111111111111111000000000000
VTZ110111111100000000000000000000
AST0307000000000000000000000000000000000000000070000000000
RGC111110113001111112111111101201
AST0307000000000000000000000000000000000000000070000000000
RGC111110113001111112111111101201
AST0307000000000000000000000000000000000000000070000000000
RGC111110113001111112111111101201
FL022020202053544552454F20202020
AST0307000000000000000000000000000000000000000070000000000
RGC111110113001111112111111101201
AST0307000000000000000000000000000000000000000070000000000
RGC111110113001111112111111101201
AST0307000000000000000000000000000000000000000070000000000
RGC111110113001111112111111101201
LM0401
AST0307000000000000000000000000000000000000000073200000000
RGC111110113001111112111111101201
AST0307000000000000000000000000000000000000000073200000000
RGC111110113001111112111111101201
AST0307000000000000000000000000000000000000000073200000000
RGC111110113001111112111111101201
AST0307000000000000000000000000000000000000000073200000000
RGC111110113001111112111111101201
AST0307000000000000000000000000000000000000000073200000000
RGC111110113001111112111111101201
