FL022020202020202020202020202020
FL024B697373202D2047696D6D65204D
FL02697373202D2047696D6D65204D6F
FL027373202D2047696D6D65204D6F72
FL0273202D2047696D6D65204D6F7265
FL02202D2047696D6D65204D6F726520
FL022D2047696D6D65204D6F72652020
FL022047696D6D65204D6F7265202020
FL0247696D6D65204D6F726520202020
FL02696D6D65204D6F72652020202020
FL026D6D65204D6F7265202020202020
FL026D65204D6F726520202020202020
FL0265204D6F72652020202020202020
FL02204D6F7265202020202020202020
FL024D6F726520202020202020202020
FL026F72652020202020202020202020
FL027265202020202020202020202020
FL026520202020202020202020202020
FL022020202020202020202020202020
FL024B697373202D2047696D6D65204D
FL02697373202D2047696D6D65204D6F
FL027373202D2047696D6D65204D6F72
FL0273202D2047696D6D65204D6F7265
FL02202D2047696D6D65204D6F726520
FL022D2047696D6D65204D6F72652020
AST6401000000000000000000000101000000000000000053200000000
RGC111110113001111112111111101201
FL022047696D6D65204D6F7265202020
FL0247696D6D65204D6F726520202020
FL02696D6D65204D6F72652020202020
FL026D6D65204D6F7265202020202020
FL026D65204D6F726520202020202020
KOF
CLRLC
AST6401000000000000000000000101000000000000000053200000000
RGC111110113001111112111111101201
FL0265204D6F72652020202020202020
FL02204D6F7265202020202020202020
FL024D6F726520202020202020202020
FL026F72652020202020202020202020
AST6401000000000000000000000101000000000000000053200000000
RGC111110113001111112111111101201
FL027265202020202020202020202020
FL026520202020202020202020202020
AST6401000000000000000000000101000000000000000053200000000
RGC111110113001111112111111101201
FL022020202020202020202020202020
AST6401000000000000000000000101000000000000000053200000000
RGC111110113001111112111111101201
FL024B697373202D2047696D6D65204D
VD
FL004D2E564F4C20202D33312E306442
VOL099
VD
FL004D2E564F4C20202D33312E356442
VOL098
VD
FL004D2E564F4C20202D33322E306442
VOL097
VU
FL004D2E564F4C20202D33312E356442
VOL098
VU
FL004D2E564F4C20202D33312E306442
VOL099
VD
FL004D2E564F4C20202D33312E356442
VOL098
VD
FL004D2E564F4C20202D33322E306442
VOL097
VU
FL004D2E564F4C20202D33312E356442
VOL098
VD
FL004D2E564F4C20202D33322E306442
VOL097
FL024B697373202D2047696D6D65204D
FL02697373202D2047696D6D65204D6F
FL027373202D2047696D6D65204D6F72
FL0273202D2047696D6D65204D6F7265
FL02202D2047696D6D65204D6F726520
FL022D2047696D6D65204D6F72652020
FL022047696D6D65204D6F7265202020
FL0247696D6D65204D6F726520202020
FL02696D6D65204D6F72652020202020
FL026D6D65204D6F7265202020202020
FL026D65204D6F726520202020202020
FL0265204D6F72652020202020202020
FL02204D6F7265202020202020202020
FL024D6F726520202020202020202020
FL026F72652020202020202020202020
FL027265202020202020202020202020
FL026520202020202020202020202020
FL022020202020202020202020202020
FL024B697373202D2047696D6D65204D
FL02697373202D2047696D6D65204D6F
FL027373202D2047696D6D65204D6F72
FL0273202D2047696D6D65204D6F7265
FL02202D2047696D6D65204D6F726520
FL022D2047696D6D65204D6F72652020
FL022047696D6D65204D6F7265202020
FL0247696D6D65204D6F726520202020
FL02696D6D65204D6F72652020202020
FL026D6D65204D6F7265202020202020
FL026D65204D6F726520202020202020
FL0265204D6F72652020202020202020
FL02204D6F7265202020202020202020
FL024D6F726520202020202020202020
FL026F72652020202020202020202020
FL027265202020202020202020202020
FL026520202020202020202020202020
FL022020202020202020202020202020
FL024B697373202D2047696D6D65204D
FL02697373202D2047696D6D65204D6F
FL027373202D2047696D6D65204D6F72
FL0273202D2047696D6D65204D6F7265
FL02202D2047696D6D65204D6F726520
FL022D2047696D6D65204D6F72652020
FL022047696D6D65204D6F7265202020
FL0247696D6D65204D6F726520202020
FL02696D6D65204D6F72652020202020
FL026D6D65204D6F7265202020202020
FL026D65204D6F726520202020202020
FL0265204D6F72652020202020202020
FL02204D6F7265202020202020202020
FL024D6F726520202020202020202020
FL026F72652020202020202020202020
FL027265202020202020202020202020
FL026520202020202020202020202020
FL022020202020202020202020202020
FL024B697373202D2047696D6D65204D
FL02697373202D2047696D6D65204D6F
FL027373202D2047696D6D65204D6F72
FL0273202D2047696D6D65204D6F7265
FL02202D2047696D6D65204D6F726520
FL022D2047696D6D65204D6F72652020
FL022047696D6D65204D6F7265202020
FL0247696D6D65204D6F726520202020
FL02696D6D65204D6F72652020202020
FL026D6D65204D6F7265202020202020
FL026D65204D6F726520202020202020
FL0265204D6F72652020202020202020
FL02204D6F7265202020202020202020
FL024D6F726520202020202020202020
FL026F72652020202020202020202020
FL027265202020202020202020202020
FL026520202020202020202020202020
FL022020202020202020202020202020
FL024B697373202D2047696D6D65204D
FL02697373202D2047696D6D65204D6F
FL027373202D2047696D6D65204D6F72
FL0273202D2047696D6D65204D6F7265
FL02202D2047696D6D65204D6F726520
FL022D2047696D6D65204D6F72652020
AST6401000000000000000000000101000000000000000053200000000
RGC111110113001111112111111101201
FL022047696D6D65204D6F7265202020
FL0247696D6D65204D6F726520202020
FL02696D6D65204D6F72652020202020
FL026D6D65204D6F7265202020202020
FL026D65204D6F726520202020202020
FL0265204D6F72652020202020202020
KOF
CLRLC
AST6401000000000000000000000101000000000000000053200000000
RGC111110113001111112111111101201
FL02204D6F7265202020202020202020
FL024D6F726520202020202020202020
FL026F72652020202020202020202020
FL027265202020202020202020202020
AST6401000000000000000000000101000000000000000053200000000
RGC111110113001111112111111101201
FL026520202020202020202020202020
FL022020202020202020202020202020
AST6401000000000000000000000101000000000000000053200000000
RGC111110113001111112111111101201
AST6401000000000000000000000101000000000000000053200000000
RGC111110113001111112111111101201
FL024B697373202D2047696D6D65204D
FL02697373202D2047696D6D65204D6F
FL027373202D2047696D6D65204D6F72
FL0273202D2047696D6D65204D6F7265
FL02202D2047696D6D65204D6F726520
FL022D2047696D6D65204D6F72652020
FL022047696D6D65204D6F7265202020
FL0247696D6D65204D6F726520202020
FL02696D6D65204D6F72652020202020
FL026D6D65204D6F7265202020202020
FL026D65204D6F726520202020202020
FL0265204D6F72652020202020202020
FL02204D6F7265202020202020202020
FL024D6F726520202020202020202020
FL026F72652020202020202020202020
FL027265202020202020202020202020
FL026520202020202020202020202020
FL022020202020202020202020202020
FL024B697373202D2047696D6D65204D
FL02697373202D2047696D6D65204D6F
FL027373202D2047696D6D65204D6F72
FL0273202D2047696D6D65204D6F7265
FL02202D2047696D6D65204D6F726520
FL022D2047696D6D65204D6F72652020
FL022047696D6D65204D6F7265202020
FL0247696D6D65204D6F726520202020
FL02696D6D65204D6F72652020202020
FL026D6D65204D6F7265202020202020
FL026D65204D6F726520202020202020
GBH09
GCH02010100000000200""
GDH000010000100001
GEH01020"Du lyssnar pa  RadioWix 2019 Sonja Alden"
GEH02023"46:29"
GEH03021""
GEH04022"Radio Wix"
GEH05024"Pop"
GEH06026"mp3"
GEH07029"128kbps"
GEH08031"0"
GEH09034"0:00"
GHH00
FL024475206C7973736E617220706120
FL0275206C7973736E61722070612020
FL02206C7973736E6172207061202052
FL026C7973736E617220706120205261
FL027973736E61722070612020526164
FL0273736E6172207061202052616469
FL02736E61722070612020526164696F
FL026E61722070612020526164696F57
FL0261722070612020526164696F5769
FL02722070612020526164696F576978
FL022070612020526164696F57697820
FL0270612020526164696F5769782032
FL02612020526164696F576978203230
FL022020526164696F57697820323031
FL0220526164696F5769782032303139
FL02526164696F576978203230313920
FL026164696F57697820323031392053
FL0264696F576978203230313920536F
FL02696F576978203230313920536F6E
FL026F576978203230313920536F6E6A
FL02576978203230313920536F6E6A61
FL026978203230313920536F6E6A6120
FL0278203230313920536F6E6A612041
FL02203230313920536F6E6A6120416C
FL023230313920536F6E6A6120416C64
FL0230313920536F6E6A6120416C6465
FL02313920536F6E6A6120416C64656E
FL023920536F6E6A6120416C64656E20
GBH09
GCH02010100000000200""
GDH000010000100001
GEH01020"Reklam"
GEH02023"46:44"
GEH03021""
GEH04022"Radio Wix"
GEH05024"Pop"
GEH06026"mp3"
GEH07029"128kbps"
GEH08031"0"
GEH09034"0:00"
GHH00
FL0252656B6C616D2020202020202020
GBH09
GCH02010100000000200""
GDH000010000100001
GEH01020"Sponsorjingel Valdemarsviks kommun"
GEH02023"46:48"
GEH03021""
GEH04022"Radio Wix"
GEH05024"Pop"
GEH06026"mp3"
GEH07029"128kbps"
GEH08031"0"
GEH09034"0:00"
GHH00
FL0253706F6E736F726A696E67656C20
FL02706F6E736F726A696E67656C2056
FL026F6E736F726A696E67656C205661
FL026E736F726A696E67656C2056616C
FL02736F726A696E67656C2056616C64
FL026F726A696E67656C2056616C6465
FL02726A696E67656C2056616C64656D
FL026A696E67656C2056616C64656D61
FL02696E67656C2056616C64656D6172
GBH09
GCH02010100000000200""
GDH000010000100001
GEH01020"Optikern i Vika 2021"
GEH02023"46:53"
GEH03021""
GEH04022"Radio Wix"
GEH05024"Pop"
GEH06026"mp3"
GEH07029"128kbps"
GEH08031"0"
GEH09034"0:00"
GHH00
FL024F7074696B65726E20692056696B
FL027074696B65726E20692056696B61
FL0274696B65726E20692056696B6120
FL02696B65726E20692056696B612032
FL026B65726E20692056696B61203230
FL0265726E20692056696B6120323032
FL02726E20692056696B612032303231
FL026E20692056696B61203230323120
FL0220692056696B6120323032312020
FL02692056696B612032303231202020
FL022056696B61203230323120202020
FL0256696B6120323032312020202020
FL02696B612032303231202020202020
FL026B61203230323120202020202020
FL026120323032312020202020202020
FL022032303231202020202020202020
FL023230323120202020202020202020
FL023032312020202020202020202020
FL023231202020202020202020202020
FL023120202020202020202020202020
FL022020202020202020202020202020
FL024F7074696B65726E20692056696B
GBH09
GCH02010100000000200""
GDH000010000100001
GEH01020"Sponsorjingel Valdemarsviks sparbank"
GEH02023"47:07"
GEH03021""
GEH04022"Radio Wix"
GEH05024"Pop"
GEH06026"mp3"
GEH07029"128kbps"
GEH08031"0"
GEH09034"0:00"
GHH00
FL0253706F6E736F726A696E67656C20
AST6401000000000000000000000101000000000000000053200000000
RGC111110113001111112111111101201
FL02706F6E736F726A696E67656C2056
FL026F6E736F726A696E67656C205661
FL026E736F726A696E67656C2056616C
FL02736F726A696E67656C2056616C64
FL026F726A696E67656C2056616C6465
FL02726A696E67656C2056616C64656D
FL026A696E67656C2056616C64656D61
FL02696E67656C2056616C64656D6172
FL026E67656C2056616C64656D617273
FL0267656C2056616C64656D61727376
FL02656C2056616C64656D6172737669
FL026C2056616C64656D61727376696B
GBH09
GCH02010100000000200""
GDH000010000100001
GEH01020"Sponsorjingel Allvärmeteknik"
GEH02023"47:14"
GEH03021""
GEH04022"Radio Wix"
GEH05024"Pop"
GEH06026"mp3"
GEH07029"128kbps"
GEH08031"0"
GEH09034"0:00"
GHH00
FL0253706F6E736F726A696E67656C20
FL02706F6E736F726A696E67656C2041
FL026F6E736F726A696E67656C20416C
FL026E736F726A696E67656C20416C6C
FL02736F726A696E67656C20416C6C76
FL026F726A696E67656C20416C6C76E4
FL02726A696E67656C20416C6C76E472
FL026A696E67656C20416C6C76E4726D
FL02696E67656C20416C6C76E4726D65
FL026E67656C20416C6C76E4726D6574
FL0267656C20416C6C76E4726D657465
FL02656C20416C6C76E4726D6574656B
FL026C20416C6C76E4726D6574656B6E
FL0220416C6C76E4726D6574656B6E69
GBH09
GCH02010100000000200""
GDH000010000100001
GEH01020"Mr_ost_jingelreklam_x"
GEH02023"47:22"
GEH03021""
GEH04022"Radio Wix"
GEH05024"Pop"
GEH06026"mp3"
GEH07029"128kbps"
GEH08031"0"
GEH09034"0:00"
GHH00
FL024D725F6F73745F6A696E67656C72
FL02725F6F73745F6A696E67656C7265
FL025F6F73745F6A696E67656C72656B
FL026F73745F6A696E67656C72656B6C
FL0273745F6A696E67656C72656B6C61
FL02745F6A696E67656C72656B6C616D
FL025F6A696E67656C72656B6C616D5F
FL026A696E67656C72656B6C616D5F78
FL02696E67656C72656B6C616D5F7820
FL026E67656C72656B6C616D5F782020
FL0267656C72656B6C616D5F78202020
FL02656C72656B6C616D5F7820202020
FL026C72656B6C616D5F782020202020
FL0272656B6C616D5F78202020202020
FL02656B6C616D5F7820202020202020
FL026B6C616D5F782020202020202020
FL026C616D5F78202020202020202020
FL02616D5F7820202020202020202020
FL026D5F782020202020202020202020
FL025F78202020202020202020202020
FL027820202020202020202020202020
FL022020202020202020202020202020
FL024D725F6F73745F6A696E67656C72
FL02725F6F73745F6A696E67656C7265
FL025F6F73745F6A696E67656C72656B
FL026F73745F6A696E67656C72656B6C
FL0273745F6A696E67656C72656B6C61
FL02745F6A696E67656C72656B6C616D
FL025F6A696E67656C72656B6C616D5F
FL026A696E67656C72656B6C616D5F78
FL02696E67656C72656B6C616D5F7820
FL026E67656C72656B6C616D5F782020
FL0267656C72656B6C616D5F78202020
FL02656C72656B6C616D5F7820202020
FL026C72656B6C616D5F782020202020
FL0272656B6C616D5F78202020202020
FL02656B6C616D5F7820202020202020
FL026B6C616D5F782020202020202020
FL026C616D5F78202020202020202020
FL02616D5F7820202020202020202020
FL026D5F782020202020202020202020
FL025F78202020202020202020202020
FL027820202020202020202020202020
FL022020202020202020202020202020
FL024D725F6F73745F6A696E67656C72
FL02725F6F73745F6A696E67656C7265
FL025F6F73745F6A696E67656C72656B
FL026F73745F6A696E67656C72656B6C
FL0273745F6A696E67656C72656B6C61
FL02745F6A696E67656C72656B6C616D
FL025F6A696E67656C72656B6C616D5F
FL026A696E67656C72656B6C616D5F78
FL02696E67656C72656B6C616D5F7820
FL026E67656C72656B6C616D5F782020
FL0267656C72656B6C616D5F78202020
FL02656C72656B6C616D5F7820202020
FL026C72656B6C616D5F782020202020
FL0272656B6C616D5F78202020202020
FL02656B6C616D5F7820202020202020
FL026B6C616D5F782020202020202020
FL026C616D5F78202020202020202020
GBH09
GCH02010100000000200""
GDH000010000100001
GEH01020"Sponsorjingel Fogelvik fastigheter"
GEH02023"47:57"
GEH03021""
GEH04022"Radio Wix"
GEH05024"Pop"
GEH06026"mp3"
GEH07029"128kbps"
GEH08031"0"
GEH09034"0:00"
GHH00
FL0253706F6E736F726A696E67656C20
FL02706F6E736F726A696E67656C2046
FL026F6E736F726A696E67656C20466F
FL026E736F726A696E67656C20466F67
FL02736F726A696E67656C20466F6765
FL026F726A696E67656C20466F67656C
FL02726A696E67656C20466F67656C76
FL026A696E67656C20466F67656C7669
FL02696E67656C20466F67656C76696B
FL026E67656C20466F67656C76696B20
FL0267656C20466F67656C76696B2066
GBH09
GCH02010100000000200""
GDH000010000100001
GEH01020"Jingelreklam Sparbanken - Standard"
GEH02023"48:03"
GEH03021""
GEH04022"Radio Wix"
GEH05024"Pop"
GEH06026"mp3"
GEH07029"128kbps"
GEH08031"0"
GEH09034"0:00"
GHH00
FL024A696E67656C72656B6C616D2053
FL02696E67656C72656B6C616D205370
FL026E67656C72656B6C616D20537061
FL0267656C72656B6C616D2053706172
FL02656C72656B6C616D205370617262
FL026C72656B6C616D20537061726261
FL0272656B6C616D205370617262616E
FL02656B6C616D205370617262616E6B
FL026B6C616D205370617262616E6B65
FL026C616D205370617262616E6B656E
FL02616D205370617262616E6B656E20
FL026D205370617262616E6B656E202D
GBH09
GCH02010100000000200""
GDH000010000100001
GEH01020"Mariah Carey - Without You"
GEH02023"48:10"
GEH03021""
GEH04022"Radio Wix"
GEH05024"Pop"
GEH06026"mp3"
GEH07029"128kbps"
GEH08031"0"
GEH09034"0:00"
GHH00
FL024D6172696168204361726579202D
FL026172696168204361726579202D20
FL0272696168204361726579202D2057
FL02696168204361726579202D205769
FL026168204361726579202D20576974
FL0268204361726579202D2057697468
FL02204361726579202D20576974686F
FL024361726579202D20576974686F75
FL0261726579202D20576974686F7574
